#
# A fatal error has been detected by the Java Runtime Environment:
#
#  EXCEPTION_ACCESS_VIOLATION (0xc0000005) at pc=0x0000000061848f09, pid=12928, tid=11892
#
# JRE version: 7.0_15-b03
# Java VM: Java HotSpot(TM) 64-Bit Server VM (23.7-b01 mixed mode windows-amd64 compressed oops)
# Problematic frame:
# V  [jvm.dll+0x38f09]
#
# Failed to write core dump. Minidumps are not enabled by default on client versions of Windows
#
# If you would like to submit a bug report, please visit:
#   http://bugreport.sun.com/bugreport/crash.jsp
#

---------------  T H R E A D  ---------------

Current thread (0x000000000be9f000):  JavaThread "JDWP Transport Listener: dt_socket" daemon [_thread_in_vm, id=11892, stack(0x000000000d430000,0x000000000d530000)]

siginfo: ExceptionCode=0xc0000005, reading address 0x000000000000000c

Registers:
RAX=0x000000000000000c, RBX=0x000000000be9f000, RCX=0x0000000000000003, RDX=0x0000000000000000
RSP=0x000000000d52f570, RBP=0x000000000000000c, RSI=0x0000000000000000, RDI=0x0000000000000010
R8 =0x00000007d65a5af8, R9 =0x0000000000000000, R10=0x0000000000000000, R11=0x0000000000000001
R12=0x0000000000000000, R13=0x0000000000000000, R14=0x0000000000000000, R15=0x0000000000000000
RIP=0x0000000061848f09, EFLAGS=0x0000000000010246

Top of Stack: (sp=0x000000000d52f570)
0x000000000d52f570:   000000000be9f000 0000000000000000
0x000000000d52f580:   0000000000000000 000000000be9f000
0x000000000d52f590:   0000000000000000 00000000619075d4
0x000000000d52f5a0:   00000007d65a5af8 000000000d52f6c0
0x000000000d52f5b0:   000000000be15a68 000000000d52f690
0x000000000d52f5c0:   000000000be9f000 0000000000000000
0x000000000d52f5d0:   000000000be15a68 000000000d52f6c0
0x000000000d52f5e0:   0000000000000000 0000000000000000
0x000000000d52f5f0:   000000000be9f1d8 0000000062617d15
0x000000000d52f600:   000000000d52f690 000000000d52f6c0
0x000000000d52f610:   000000000be15a68 000000000be9f1d8
0x000000000d52f620:   000000000dbf760a 000000006261f09c
0x000000000d52f630:   0000000061010a01 000000000d52f730
0x000000000d52f640:   000000000be94901 000000000bec3540
0x000000000d52f650:   000008be00000013 0000000061010a00
0x000000000d52f660:   000000000bec2960 000000000bea75f0 

Instructions: (pc=0x0000000061848f09)
0x0000000061848ee9:   d2 48 8b c5 eb 18 48 8b d0 48 8b c5 48 d3 e2 48
0x0000000061848ef9:   03 15 11 16 62 00 eb 06 48 8b 12 48 8b c7 48 98
0x0000000061848f09:   8b 14 10 85 d2 74 2a 45 84 db 4c 63 c6 48 0f 45
0x0000000061848f19:   fd 8d 47 0b 48 63 c8 48 83 e1 f8 48 c1 e9 03 8d 


Register to memory mapping:

RAX=0x000000000000000c is an unknown value
RBX=0x000000000be9f000 is a thread
RCX=0x0000000000000003 is an unknown value
RDX=0x0000000000000000 is an unknown value
RSP=0x000000000d52f570 is pointing into the stack for thread: 0x000000000be9f000
RBP=0x000000000000000c is an unknown value
RSI=0x0000000000000000 is an unknown value
RDI=0x0000000000000010 is an unknown value
R8 =0x00000007d65a5af8 is an oop
java.lang.String 
 - klass: 'java/lang/String'
R9 =0x0000000000000000 is an unknown value
R10=0x0000000000000000 is an unknown value
R11=0x0000000000000001 is an unknown value
R12=0x0000000000000000 is an unknown value
R13=0x0000000000000000 is an unknown value
R14=0x0000000000000000 is an unknown value
R15=0x0000000000000000 is an unknown value


Stack: [0x000000000d430000,0x000000000d530000],  sp=0x000000000d52f570,  free space=1021k
Native frames: (J=compiled Java code, j=interpreted, Vv=VM code, C=native code)
V  [jvm.dll+0x38f09]


---------------  P R O C E S S  ---------------

Java Threads: ( => current thread )
  0x000000000bec6800 JavaThread "Service Thread" daemon [_thread_blocked, id=6876, stack(0x000000000d930000,0x000000000da30000)]
  0x000000000bec5800 JavaThread "C2 CompilerThread1" daemon [_thread_blocked, id=14192, stack(0x000000000d830000,0x000000000d930000)]
  0x000000000bec1800 JavaThread "C2 CompilerThread0" daemon [_thread_blocked, id=13468, stack(0x000000000d730000,0x000000000d830000)]
  0x000000000beb9000 JavaThread "JDWP Command Reader" daemon [_thread_in_native, id=936, stack(0x000000000d630000,0x000000000d730000)]
  0x000000000beac800 JavaThread "JDWP Event Helper Thread" daemon [_thread_blocked, id=12200, stack(0x000000000d530000,0x000000000d630000)]
=>0x000000000be9f000 JavaThread "JDWP Transport Listener: dt_socket" daemon [_thread_in_vm, id=11892, stack(0x000000000d430000,0x000000000d530000)]
  0x000000000be97000 JavaThread "Attach Listener" daemon [_thread_blocked, id=11300, stack(0x000000000d330000,0x000000000d430000)]
  0x000000000be94000 JavaThread "Signal Dispatcher" daemon [_thread_blocked, id=2400, stack(0x000000000d230000,0x000000000d330000)]
  0x000000000be0c800 JavaThread "Finalizer" daemon [_thread_blocked, id=11900, stack(0x000000000d130000,0x000000000d230000)]
  0x000000000be03800 JavaThread "Reference Handler" daemon [_thread_blocked, id=13720, stack(0x000000000d030000,0x000000000d130000)]
  0x0000000002f44000 JavaThread "main" [_thread_blocked, id=2036, stack(0x0000000002e40000,0x0000000002f40000)]

Other Threads:
  0x000000000bdfb000 VMThread [stack: 0x000000000cf30000,0x000000000d030000] [id=13268]
  0x000000000bf24000 WatcherThread [stack: 0x000000000da30000,0x000000000db30000] [id=12452]

VM state:not at safepoint (normal execution)

VM Mutex/Monitor currently owned by a thread: None

Heap
 PSYoungGen      total 37376K, used 1924K [0x00000007d64b0000, 0x00000007d8e60000, 0x0000000800000000)
  eden space 32064K, 6% used [0x00000007d64b0000,0x00000007d6691060,0x00000007d8400000)
  from space 5312K, 0% used [0x00000007d8930000,0x00000007d8930000,0x00000007d8e60000)
  to   space 5312K, 0% used [0x00000007d8400000,0x00000007d8400000,0x00000007d8930000)
 ParOldGen       total 85376K, used 0K [0x0000000782e00000, 0x0000000788160000, 0x00000007d64b0000)
  object space 85376K, 0% used [0x0000000782e00000,0x0000000782e00000,0x0000000788160000)
 PSPermGen       total 21248K, used 2760K [0x000000077dc00000, 0x000000077f0c0000, 0x0000000782e00000)
  object space 21248K, 12% used [0x000000077dc00000,0x000000077deb22f0,0x000000077f0c0000)

Card table byte_map: [0x0000000006100000,0x0000000006520000] byte_map_base: 0x0000000002512000

Polling page: 0x00000000028e0000

Code Cache  [0x0000000003040000, 0x00000000032b0000, 0x0000000006040000)
 total_blobs=184 nmethods=6 adapters=138 free_code_cache=48762Kb largest_free_block=49913728

Compilation events (10 events):
Event: 0.337 Thread 0x000000000bec5800 nmethod 1 0x000000000309ee10 code [0x000000000309ef40, 0x000000000309f0f8]
Event: 0.338 Thread 0x000000000bec5800    3             java.lang.String::charAt (29 bytes)
Event: 0.338 Thread 0x000000000bec5800 nmethod 3 0x000000000309eb10 code [0x000000000309ec60, 0x000000000309ed38]
Event: 0.341 Thread 0x000000000bec1800 nmethod 2 0x000000000309de90 code [0x000000000309e000, 0x000000000309e470]
Event: 0.351 Thread 0x000000000bec5800    4             java.lang.String::indexOf (70 bytes)
Event: 0.353 Thread 0x000000000bec5800 nmethod 4 0x00000000030a11d0 code [0x00000000030a1320, 0x00000000030a1508]
Event: 0.360 Thread 0x000000000bec1800    5             java.lang.String::lastIndexOf (52 bytes)
Event: 0.362 Thread 0x000000000bec5800    6             java.lang.String::indexOf (166 bytes)
Event: 0.363 Thread 0x000000000bec1800 nmethod 5 0x000000000309fc50 code [0x000000000309fda0, 0x000000000309ffa8]
Event: 0.370 Thread 0x000000000bec5800 nmethod 6 0x00000000030a25d0 code [0x00000000030a2720, 0x00000000030a2c78]

GC Heap History (0 events):
No events

Deoptimization events (0 events):
No events

Internal exceptions (2 events):
Event: 0.034 Thread 0x0000000002f44000 Threw 0x00000007d64b61a8 at C:\jdk7u2_64p\jdk7u15\hotspot\src\share\vm\prims\jni.cpp:3994
Event: 0.339 Thread 0x0000000002f44000 Threw 0x00000007d6586a78 at C:\jdk7u2_64p\jdk7u15\hotspot\src\share\vm\prims\jvm.cpp:1166

Events (10 events):
Event: 46.956 Executing VM operation: GetOrSetLocal
Event: 46.956 Executing VM operation: GetOrSetLocal done
Event: 46.974 Executing VM operation: GetOrSetLocal
Event: 46.974 Executing VM operation: GetOrSetLocal done
Event: 46.979 Executing VM operation: GetOrSetLocal
Event: 46.979 Executing VM operation: GetOrSetLocal done
Event: 46.980 Executing VM operation: GetOrSetLocal
Event: 46.980 Executing VM operation: GetOrSetLocal done
Event: 46.984 Executing VM operation: GetOrSetLocal
Event: 46.984 Executing VM operation: GetOrSetLocal done


Dynamic libraries:
0x00007ff7d9410000 - 0x00007ff7d9443000 	C:\Program Files\Java\jdk1.7.0_15\bin\java.exe
0x00007ff9d4070000 - 0x00007ff9d4231000 	C:\WINDOWS\SYSTEM32\ntdll.dll
0x00007ff9d3ba0000 - 0x00007ff9d3c4d000 	C:\WINDOWS\system32\KERNEL32.DLL
0x00007ff9d1510000 - 0x00007ff9d16ed000 	C:\WINDOWS\system32\KERNELBASE.dll
0x00007ff9d1a40000 - 0x00007ff9d1ae6000 	C:\WINDOWS\system32\ADVAPI32.dll
0x00007ff9d3de0000 - 0x00007ff9d3e7d000 	C:\WINDOWS\system32\msvcrt.dll
0x00007ff9d1b10000 - 0x00007ff9d1b6b000 	C:\WINDOWS\system32\sechost.dll
0x00007ff9d3f40000 - 0x00007ff9d4066000 	C:\WINDOWS\system32\RPCRT4.dll
0x00007ff9d3c50000 - 0x00007ff9d3d9e000 	C:\WINDOWS\system32\USER32.dll
0x00007ff9d1750000 - 0x00007ff9d18d6000 	C:\WINDOWS\system32\GDI32.dll
0x00007ff9cb160000 - 0x00007ff9cb3d4000 	C:\WINDOWS\WinSxS\amd64_microsoft.windows.common-controls_6595b64144ccf1df_6.0.10240.16384_none_f41f7b285750ef43\COMCTL32.dll
0x00007ff9d3da0000 - 0x00007ff9d3dd6000 	C:\WINDOWS\system32\IMM32.DLL
0x00007ff9d18e0000 - 0x00007ff9d1a3c000 	C:\WINDOWS\system32\MSCTF.dll
0x0000000061f30000 - 0x0000000062001000 	C:\Program Files\Java\jdk1.7.0_15\jre\bin\msvcr100.dll
0x0000000061810000 - 0x0000000061f2f000 	C:\Program Files\Java\jdk1.7.0_15\jre\bin\server\jvm.dll
0x00007ff9d1740000 - 0x00007ff9d1748000 	C:\WINDOWS\system32\PSAPI.DLL
0x00007ff9ce4e0000 - 0x00007ff9ce503000 	C:\WINDOWS\SYSTEM32\WINMM.dll
0x00007ff9c4520000 - 0x00007ff9c4529000 	C:\WINDOWS\SYSTEM32\WSOCK32.dll
0x00007ff9d3b30000 - 0x00007ff9d3b99000 	C:\WINDOWS\system32\WS2_32.dll
0x00007ff9d1f90000 - 0x00007ff9d1f98000 	C:\WINDOWS\system32\NSI.dll
0x00007ff9ce450000 - 0x00007ff9ce47c000 	C:\WINDOWS\SYSTEM32\WINMMBASE.dll
0x00007ff9d16f0000 - 0x00007ff9d1734000 	C:\WINDOWS\system32\cfgmgr32.dll
0x00007ff9cf370000 - 0x00007ff9cf397000 	C:\WINDOWS\SYSTEM32\DEVOBJ.dll
0x00000000626a0000 - 0x00000000626af000 	C:\Program Files\Java\jdk1.7.0_15\jre\bin\verify.dll
0x0000000062670000 - 0x0000000062698000 	C:\Program Files\Java\jdk1.7.0_15\jre\bin\java.dll
0x0000000062610000 - 0x0000000062645000 	C:\Program Files\Java\jdk1.7.0_15\jre\bin\jdwp.dll
0x0000000062600000 - 0x0000000062608000 	C:\Program Files\Java\jdk1.7.0_15\jre\bin\npt.dll
0x00000000625e0000 - 0x00000000625f5000 	C:\Program Files\Java\jdk1.7.0_15\jre\bin\zip.dll
0x0000000061800000 - 0x0000000061809000 	C:\Program Files\Java\jdk1.7.0_15\jre\bin\dt_socket.dll
0x00007ff9d0310000 - 0x00007ff9d036d000 	C:\WINDOWS\system32\mswsock.dll
0x00007ff9c67e0000 - 0x00007ff9c696a000 	C:\WINDOWS\SYSTEM32\dbghelp.dll

VM Arguments:
jvm_args: -agentlib:jdwp=transport=dt_socket,address=127.0.0.1:13818,suspend=y,server=n -Dfile.encoding=GBK 
java_command: com.hd.first.Test
Launcher Type: SUN_STANDARD

Environment Variables:
JAVA_HOME=C:\Program Files\Java\jdk1.7.0_15
CLASSPATH=.;C:\Program Files\Java\jdk1.7.0_15\lib\dt.jar.;C:\Program Files\Java\jdk1.7.0_15\lib\tools.jar;D:\workspace\apache-tomcat-7.0.47\lib\mysql-connector-java-5.1.26-bin.jar;
PATH=C:\Program Files (x86)\NVIDIA Corporation\PhysX\Common;C:\Program Files\Broadcom\Broadcom 802.11 Network Adapter;C:\Program Files (x86)\Intel\iCLS Client\;C:\Program Files\Intel\iCLS Client\;C:\WINDOWS\system32;C:\WINDOWS;C:\WINDOWS\System32\Wbem;C:\WINDOWS\System32\WindowsPowerShell\v1.0\;C:\Program Files (x86)\Intel\OpenCL SDK\2.0\bin\x86;C:\Program Files (x86)\Intel\OpenCL SDK\2.0\bin\x64;C:\Program Files\Intel\Intel(R) Management Engine Components\DAL;C:\Program Files\Intel\Intel(R) Management Engine Components\IPT;C:\Program Files (x86)\Intel\Intel(R) Management Engine Components\DAL;C:\Program Files (x86)\Intel\Intel(R) Management Engine Components\IPT;C:\Program Files\Java\jdk1.7.0_15\bin;C:\Program Files\Java\jdk1.7.0_15\jre\bin;G:\客户端\adt-bundle-windows-x86_64-20130729\sdk\platform-tools;G:;客户端\adt-bundle-windows-x86_64-20130729\sdk\tools;C:;Program Files (x86)\CodeBlocks\MinGW\bin;C:\Program Files\Microsoft\Web Platform Installer\;C:\Program Files (x86)\Windows Kits\8.0\Windows Performance Toolkit\;C:\Program Files\Microsoft SQL Server\110\Tools\Binn\;C:\Program Files (x86)\Microsoft SQL Server\110\Tools\Binn\;C:\Program Files\Microsoft SQL Server\110\DTS\Binn\;C:\Program Files (x86)\Microsoft SQL Server\110\Tools\Binn\ManagementStudio\;C:\Program Files (x86)\Microsoft Visual Studio 10.0\Common7\IDE\PrivateAssemblies\;C:\Program Files (x86)\Microsoft SQL Server\110\DTS\Binn\;C:\Qt\Qt5.2.0Android\5.2.0\mingw48_32\bin;C:\Program Files\MATLAB\R2010b\runtime\win64;C:\Program Files\MATLAB\R2010b\bin;G:\客户端\apache-ant-1.9.2\bin;Program Files (x86)\python 2.7;C:\apache-maven-3.2.5\bin;;C:\WINDOWS\system32;C:\WINDOWS;C:\WINDOWS\System32\Wbem;C:\WINDOWS\System32\WindowsPowerShell\v1.0\;;C:\Program Files (x86)\Bitvise SSH Client;C:\Program Files (x86)\SSH Communications Security\SSH Secure Shell
USERNAME=Chunyun
OS=Windows_NT
PROCESSOR_IDENTIFIER=Intel64 Family 6 Model 58 Stepping 9, GenuineIntel



---------------  S Y S T E M  ---------------

OS: Windows 8 , 64 bit Build 9200 

CPU:total 4 (2 cores per cpu, 2 threads per core) family 6 model 58 stepping 9, cmov, cx8, fxsr, mmx, sse, sse2, sse3, ssse3, sse4.1, sse4.2, popcnt, avx, ht, tsc, tscinvbit, tscinv

Memory: 4k page, physical 8195352k(2225976k free), swap 9019504k(990160k free)

vm_info: Java HotSpot(TM) 64-Bit Server VM (23.7-b01) for windows-amd64 JRE (1.7.0_15-b03), built on Feb 15 2013 13:43:57 by "java_re" with unknown MS VC++:1600

time: Fri Oct 30 13:57:12 2015
elapsed time: 47 seconds

